New UrlParser created without parameters;

Method 'start' started;
Method 'addTextFields' started;
Method 'addTextFields' finished: TextFields is ready;
Method 'addButtons' started;
Method 'addButtons' finished: buttons is ready;
Method 'placeContainers' started;
Method 'placeContainers' finished: all containers on the pane;
Method 'start' finished: GUI is ready;
New UrlParser created without parameters;

btn_find is clicked;
Method 'showGif' started;
GIF started;
Method startParse() started with url: https://parsertest.ru.gg/;
Method checkUrl() started with url for checking: https://parsertest.ru.gg/;
The link entered is valid;
Method getUrls() started;
Displaying child links: 
https://parsertest.ru.gg/
https://parsertest.ru.gg/%26%231043%3B%26%231083%3B%26%231072%3B%26%231074%3B%26%231085%3B%26%231072%3B%26%231103%3B-%26%231089%3B%26%231090%3B%26%231088%3B%26%231072%3B%26%231085%3B%26%231080%3B%26%231094%3B%26%231072%3B.htm
https://parsertest.ru.gg/%26%231053%3B%26%231072%3B%26%231096%3B%26%231080%3B-%26%231082%3B%26%231086%3B%26%231085%3B%26%231090%3B%26%231072%3B%26%231082%3B%26%231090%3B%26%231099%3B.htm
https://parsertest.ru.gg//www.homepage-konstruktor.ru?utm_source=selfpromotion&utm_campaign=footer&utm_medium=footertextlink

Method getUrls() finished;

Method findEmails() started;
Method deleteRepeats() started;
Method deleteRepeats() finished;
Removed 0 repeats.

Method deleteRepeats() started;
Method deleteRepeats() finished;
Removed 1 repeats.

Method deleteRepeats() started;
Method deleteRepeats() finished;
Removed 1 repeats.

Error creating doc: org.jsoup.HttpStatusException: HTTP error fetching URL. Status=404, URL=https://parsertest.ru.gg//www.homepage-konstruktor.ru?utm_source=selfpromotion&utm_campaign=footer&utm_medium=footertextlink
Method deleteRepeats() started;
Method deleteRepeats() finished;
Removed 1 repeats.

Method findEmails() finished; emails collected.


Method uploadToDB() started;
Uploading emails to the database...
Method saveEntry() started with email: model.emails.classes4hibernate.Email@556605e6
Method getSessionFactory() started;
Logging Provider: org.jboss.logging.Log4jLoggerProvider
Adding Integrator [org.hibernate.cfg.beanvalidation.BeanValidationIntegrator].
Adding Integrator [org.hibernate.secure.spi.JaccIntegrator].
Adding Integrator [org.hibernate.cache.internal.CollectionCacheInvalidator].
HHH000412: Hibernate Core {5.3.7.Final}
HHH000206: hibernate.properties not found
Interpreting public/system identifier : [-//Hibernate/Hibernate Configuration DTD//EN] - [http://www.hibernate.org/dtd/hibernate-configuration-3.0.dtd]
Recognized hibernate-configuration identifier; attempting to resolve on classpath under org/hibernate/
cfg.xml document did not define namespaces; wrapping in custom event reader to introduce namespace information
Adding Integrator [org.hibernate.cfg.beanvalidation.BeanValidationIntegrator].
Adding Integrator [org.hibernate.secure.spi.JaccIntegrator].
Adding Integrator [org.hibernate.cache.internal.CollectionCacheInvalidator].
Overriding existing service binding [org.hibernate.secure.spi.JaccService]
Building session factory using provided StandardServiceRegistry
Cannot default RegionFactory based on registered strategies as `[]` RegionFactory strategies were registered
Cache region factory : org.hibernate.cache.internal.NoCachingRegionFactory
HCANN000001: Hibernate Commons Annotations {5.0.4.Final}
Adding type registration boolean -> org.hibernate.type.BooleanType@67cdbb7d
Adding type registration boolean -> org.hibernate.type.BooleanType@67cdbb7d
Adding type registration java.lang.Boolean -> org.hibernate.type.BooleanType@67cdbb7d
Adding type registration numeric_boolean -> org.hibernate.type.NumericBooleanType@7308364d
Adding type registration true_false -> org.hibernate.type.TrueFalseType@7edf4bad
Adding type registration yes_no -> org.hibernate.type.YesNoType@10d0e48f
Adding type registration byte -> org.hibernate.type.ByteType@4bf28311
Adding type registration byte -> org.hibernate.type.ByteType@4bf28311
Adding type registration java.lang.Byte -> org.hibernate.type.ByteType@4bf28311
Adding type registration character -> org.hibernate.type.CharacterType@4d132edd
Adding type registration char -> org.hibernate.type.CharacterType@4d132edd
Adding type registration java.lang.Character -> org.hibernate.type.CharacterType@4d132edd
Adding type registration short -> org.hibernate.type.ShortType@456aedbc
Adding type registration short -> org.hibernate.type.ShortType@456aedbc
Adding type registration java.lang.Short -> org.hibernate.type.ShortType@456aedbc
Adding type registration integer -> org.hibernate.type.IntegerType@5e47a069
Adding type registration int -> org.hibernate.type.IntegerType@5e47a069
Adding type registration java.lang.Integer -> org.hibernate.type.IntegerType@5e47a069
Adding type registration long -> org.hibernate.type.LongType@1aa307f7
Adding type registration long -> org.hibernate.type.LongType@1aa307f7
Adding type registration java.lang.Long -> org.hibernate.type.LongType@1aa307f7
Adding type registration float -> org.hibernate.type.FloatType@52bc0cc2
Adding type registration float -> org.hibernate.type.FloatType@52bc0cc2
Adding type registration java.lang.Float -> org.hibernate.type.FloatType@52bc0cc2
Adding type registration double -> org.hibernate.type.DoubleType@44f8511a
Adding type registration double -> org.hibernate.type.DoubleType@44f8511a
Adding type registration java.lang.Double -> org.hibernate.type.DoubleType@44f8511a
Adding type registration big_decimal -> org.hibernate.type.BigDecimalType@4557da9a
Adding type registration java.math.BigDecimal -> org.hibernate.type.BigDecimalType@4557da9a
Adding type registration big_integer -> org.hibernate.type.BigIntegerType@9fbdf1c
Adding type registration java.math.BigInteger -> org.hibernate.type.BigIntegerType@9fbdf1c
Adding type registration string -> org.hibernate.type.StringType@6b710b67
Adding type registration java.lang.String -> org.hibernate.type.StringType@6b710b67
Adding type registration nstring -> org.hibernate.type.StringNVarcharType@771f9249
Adding type registration ncharacter -> org.hibernate.type.CharacterNCharType@6b2478ab
Adding type registration url -> org.hibernate.type.UrlType@41533075
Adding type registration java.net.URL -> org.hibernate.type.UrlType@41533075
Adding type registration Duration -> org.hibernate.type.DurationType@4569ca98
Adding type registration java.time.Duration -> org.hibernate.type.DurationType@4569ca98
Adding type registration Instant -> org.hibernate.type.InstantType@5ea1f2f8
Adding type registration java.time.Instant -> org.hibernate.type.InstantType@5ea1f2f8
Adding type registration LocalDateTime -> org.hibernate.type.LocalDateTimeType@2ff8f69f
Adding type registration java.time.LocalDateTime -> org.hibernate.type.LocalDateTimeType@2ff8f69f
Adding type registration LocalDate -> org.hibernate.type.LocalDateType@2c541fe3
Adding type registration java.time.LocalDate -> org.hibernate.type.LocalDateType@2c541fe3
Adding type registration LocalTime -> org.hibernate.type.LocalTimeType@6a8ca711
Adding type registration java.time.LocalTime -> org.hibernate.type.LocalTimeType@6a8ca711
Adding type registration OffsetDateTime -> org.hibernate.type.OffsetDateTimeType@4e580752
Adding type registration java.time.OffsetDateTime -> org.hibernate.type.OffsetDateTimeType@4e580752
Adding type registration OffsetTime -> org.hibernate.type.OffsetTimeType@57b41819
Adding type registration java.time.OffsetTime -> org.hibernate.type.OffsetTimeType@57b41819
Adding type registration ZonedDateTime -> org.hibernate.type.ZonedDateTimeType@2a9e867
Adding type registration java.time.ZonedDateTime -> org.hibernate.type.ZonedDateTimeType@2a9e867
Adding type registration date -> org.hibernate.type.DateType@7d11bbe6
Adding type registration java.sql.Date -> org.hibernate.type.DateType@7d11bbe6
Adding type registration time -> org.hibernate.type.TimeType@7c435cc4
Adding type registration java.sql.Time -> org.hibernate.type.TimeType@7c435cc4
Adding type registration timestamp -> org.hibernate.type.TimestampType@46ae2601
Adding type registration java.sql.Timestamp -> org.hibernate.type.TimestampType@46ae2601
Adding type registration java.util.Date -> org.hibernate.type.TimestampType@46ae2601
Adding type registration dbtimestamp -> org.hibernate.type.DbTimestampType@740daee4
Adding type registration calendar -> org.hibernate.type.CalendarType@30717b91
Adding type registration java.util.Calendar -> org.hibernate.type.CalendarType@30717b91
Adding type registration java.util.GregorianCalendar -> org.hibernate.type.CalendarType@30717b91
Adding type registration calendar_date -> org.hibernate.type.CalendarDateType@176e2bd9
Adding type registration locale -> org.hibernate.type.LocaleType@702d4fb3
Adding type registration java.util.Locale -> org.hibernate.type.LocaleType@702d4fb3
Adding type registration currency -> org.hibernate.type.CurrencyType@41f6187a
Adding type registration java.util.Currency -> org.hibernate.type.CurrencyType@41f6187a
Adding type registration timezone -> org.hibernate.type.TimeZoneType@44dcc274
Adding type registration java.util.TimeZone -> org.hibernate.type.TimeZoneType@44dcc274
Adding type registration class -> org.hibernate.type.ClassType@59b0f17d
Adding type registration java.lang.Class -> org.hibernate.type.ClassType@59b0f17d
Adding type registration uuid-binary -> org.hibernate.type.UUIDBinaryType@2db27e7c
Adding type registration java.util.UUID -> org.hibernate.type.UUIDBinaryType@2db27e7c
Adding type registration uuid-char -> org.hibernate.type.UUIDCharType@561b8f6b
Adding type registration binary -> org.hibernate.type.BinaryType@55d5063c
Adding type registration byte[] -> org.hibernate.type.BinaryType@55d5063c
Adding type registration [B -> org.hibernate.type.BinaryType@55d5063c
Adding type registration wrapper-binary -> org.hibernate.type.WrapperBinaryType@35e09b34
Adding type registration Byte[] -> org.hibernate.type.WrapperBinaryType@35e09b34
Adding type registration [Ljava.lang.Byte; -> org.hibernate.type.WrapperBinaryType@35e09b34
Adding type registration row_version -> org.hibernate.type.RowVersionType@dbce4de
Adding type registration image -> org.hibernate.type.ImageType@51d994f3
Adding type registration characters -> org.hibernate.type.CharArrayType@1bc155fa
Adding type registration char[] -> org.hibernate.type.CharArrayType@1bc155fa
Adding type registration [C -> org.hibernate.type.CharArrayType@1bc155fa
Adding type registration wrapper-characters -> org.hibernate.type.CharacterArrayType@3064c761
Adding type registration [Ljava.lang.Character; -> org.hibernate.type.CharacterArrayType@3064c761
Adding type registration Character[] -> org.hibernate.type.CharacterArrayType@3064c761
Adding type registration text -> org.hibernate.type.TextType@5c044202
Adding type registration ntext -> org.hibernate.type.NTextType@30da1a71
Adding type registration blob -> org.hibernate.type.BlobType@7cef0d9b
Adding type registration java.sql.Blob -> org.hibernate.type.BlobType@7cef0d9b
Adding type registration materialized_blob -> org.hibernate.type.MaterializedBlobType@1400dbaf
Adding type registration clob -> org.hibernate.type.ClobType@324cceb4
Adding type registration java.sql.Clob -> org.hibernate.type.ClobType@324cceb4
Adding type registration nclob -> org.hibernate.type.NClobType@3ff44cc8
Adding type registration java.sql.NClob -> org.hibernate.type.NClobType@3ff44cc8
Adding type registration materialized_clob -> org.hibernate.type.MaterializedClobType@29e36fc8
Adding type registration materialized_nclob -> org.hibernate.type.MaterializedNClobType@11516466
Adding type registration serializable -> org.hibernate.type.SerializableType@766d82c7
Adding type registration object -> org.hibernate.type.ObjectType@58120566
Adding type registration java.lang.Object -> org.hibernate.type.ObjectType@58120566
Adding type registration imm_date -> org.hibernate.type.AdaptedImmutableType@745ceb2b
Adding type registration imm_time -> org.hibernate.type.AdaptedImmutableType@3c2de9f3
Adding type registration imm_timestamp -> org.hibernate.type.AdaptedImmutableType@7a547a02
Adding type registration imm_dbtimestamp -> org.hibernate.type.AdaptedImmutableType@4212dc0
Adding type registration imm_calendar -> org.hibernate.type.AdaptedImmutableType@17b78bdc
Adding type registration imm_calendar_date -> org.hibernate.type.AdaptedImmutableType@44869aa8
Adding type registration imm_binary -> org.hibernate.type.AdaptedImmutableType@1d5b7c50
Adding type registration imm_serializable -> org.hibernate.type.AdaptedImmutableType@10991d16
Registering IdentifierGenerator strategy [uuid2] -> [org.hibernate.id.UUIDGenerator]
Registering IdentifierGenerator strategy [guid] -> [org.hibernate.id.GUIDGenerator]
Registering IdentifierGenerator strategy [uuid] -> [org.hibernate.id.UUIDHexGenerator]
Registering IdentifierGenerator strategy [uuid.hex] -> [org.hibernate.id.UUIDHexGenerator]
Registering IdentifierGenerator strategy [assigned] -> [org.hibernate.id.Assigned]
Registering IdentifierGenerator strategy [identity] -> [org.hibernate.id.IdentityGenerator]
Registering IdentifierGenerator strategy [select] -> [org.hibernate.id.SelectGenerator]
Registering IdentifierGenerator strategy [sequence] -> [org.hibernate.id.enhanced.SequenceStyleGenerator]
Registering IdentifierGenerator strategy [seqhilo] -> [org.hibernate.id.SequenceHiLoGenerator]
Registering IdentifierGenerator strategy [increment] -> [org.hibernate.id.IncrementGenerator]
Registering IdentifierGenerator strategy [foreign] -> [org.hibernate.id.ForeignGenerator]
Registering IdentifierGenerator strategy [sequence-identity] -> [org.hibernate.id.SequenceIdentityGenerator]
Registering IdentifierGenerator strategy [enhanced-sequence] -> [org.hibernate.id.enhanced.SequenceStyleGenerator]
Registering IdentifierGenerator strategy [enhanced-table] -> [org.hibernate.id.enhanced.TableGenerator]
HHH10001002: Using Hibernate built-in connection pool (not for production use!)
HHH10001005: using driver [org.postgresql.Driver] at URL [jdbc:postgresql://localhost:5434/parser]
HHH10001001: Connection properties: {user=postgres, password=JustMe19890102}
HHH10001003: Autocommit mode: false
Initializing Connection pool with 1 Connections
HHH000115: Hibernate connection pool size: 20 (min=1)
Database ->
       name : PostgreSQL
    version : 11.1
      major : 11
      minor : 1
Driver ->
       name : PostgreSQL JDBC Driver
    version : 42.2.5
      major : 42
      minor : 2
JDBC version : 4.2
HHH000400: Using dialect: org.hibernate.dialect.ProgressDialect
JDBC driver metadata reported database stores quoted identifiers in neither upper, lower nor mixed case
HHH000424: Disabling contextual LOB creation as createClob() method threw error : java.lang.reflect.InvocationTargetException
Created database namespace [logicalName=Name{catalog=null, schema=null}, physicalName=Name{catalog=null, schema=null}]
Scoping TypeConfiguration [org.hibernate.type.spi.TypeConfiguration@60258fd8] to MetadataBuildingContext [org.hibernate.boot.internal.MetadataBuildingContextRootImpl@605caad0]
Binding entity from annotated class: model.emails.classes4hibernate.Email
Binding column: Ejb3DiscriminatorColumn{logicalColumnName'DTYPE', discriminatorTypeName='string'}
Import with entity name Email
Bind entity model.emails.classes4hibernate.Email on table contacts
Binding column: Ejb3Column{table=org.hibernate.mapping.Table(contacts), mappingColumn=id, insertable=true, updatable=true, unique=false}
MetadataSourceProcessor property id with lazy=false
Attempting to locate auto-apply AttributeConverter for property [model.emails.classes4hibernate.Email:id]
building SimpleValue for id
Building property id
#makeIdGenerator(org.hibernate.mapping.SimpleValue([org.hibernate.mapping.Column(id)]), id, identity, , ...)
Binding column: Ejb3Column{table=org.hibernate.mapping.Table(contacts), mappingColumn=email, insertable=true, updatable=true, unique=false}
MetadataSourceProcessor property address with lazy=false
Attempting to locate auto-apply AttributeConverter for property [model.emails.classes4hibernate.Email:address]
building SimpleValue for address
Building property address
Binding column: Ejb3Column{table=org.hibernate.mapping.Table(contacts), mappingColumn=date, insertable=true, updatable=true, unique=false}
MetadataSourceProcessor property date with lazy=false
Attempting to locate auto-apply AttributeConverter for property [model.emails.classes4hibernate.Email:date]
building SimpleValue for date
Building property date
Binding column: Ejb3Column{table=org.hibernate.mapping.Table(contacts), mappingColumn=status, insertable=true, updatable=true, unique=false}
MetadataSourceProcessor property status with lazy=false
Attempting to locate auto-apply AttributeConverter for property [model.emails.classes4hibernate.Email:status]
building SimpleValue for status
Building property status
Binding column: Ejb3Column{table=org.hibernate.mapping.Table(contacts), mappingColumn=url, insertable=true, updatable=true, unique=false}
MetadataSourceProcessor property url with lazy=false
Attempting to locate auto-apply AttributeConverter for property [model.emails.classes4hibernate.Email:url]
building SimpleValue for url
Building property url
Starting fillSimpleValue for id
Starting fillSimpleValue for address
Starting fillSimpleValue for date
Starting fillSimpleValue for status
Starting fillSimpleValue for url
Forcing column [id] to be non-null as it is part of the primary key for table [contacts]
Using NAMED-based conversion for Enum model.emails.classes4hibernate.EmailStatus
Building session factory
SessionFactory name : null
Automatic flush during beforeCompletion(): enabled
Automatic session close at end of transaction: disabled
Statistics: disabled
Deleted entity synthetic identifier rollback: disabled
Default entity-mode: pojo
Check Nullability in Core (should be disabled when Bean Validation is on): enabled
Allow initialization of lazy state outside session : disabled
Using BatchFetchStyle : LEGACY
Default batch fetch size: -1
Maximum outer join fetch depth: null
Default null ordering: NONE
Order SQL updates by primary key: disabled
Order SQL inserts for batching: disabled
multi-tenancy strategy : NONE
JTA Track by Thread: enabled
Query language substitutions: {}
Named query checking : enabled
Second-level cache: disabled
Second-level query cache: disabled
Second-level query cache factory: null
Second-level cache region prefix: null
Optimize second-level cache for minimal puts: disabled
Structured second-level cache entries: disabled
Second-level cache direct-reference entries: disabled
Automatic eviction of collection cache: disabled
JDBC batch size: 0
JDBC batch updates for versioned data: enabled
Scrollable result sets: enabled
Wrap result sets: disabled
JDBC3 getGeneratedKeys(): enabled
JDBC result set fetch size: null
Connection release mode: AFTER_TRANSACTION
Generate SQL with comments: disabled
JPA compliance - query : 
JPA compliance - closed-handling : 
JPA compliance - lists : 
JPA compliance - transactions : 
Using NAMED-based conversion for Enum model.emails.classes4hibernate.EmailStatus
Session factory constructed with filter configurations : {}
Instantiating session factory with properties: {gopherProxySet=false, awt.toolkit=sun.lwawt.macosx.LWCToolkit, file.encoding.pkg=sun.io, java.specification.version=1.8, javafx.runtime.version=8.0.191-b10, sun.cpu.isalist=, sun.jnu.encoding=UTF-8, hibernate.dialect=org.hibernate.dialect.ProgressDialect, java.class.path=/Library/Java/JavaVirtualMachines/jdk1.8.0_191.jdk/Contents/Home/jre/lib/charsets.jar:/Library/Java/JavaVirtualMachines/jdk1.8.0_191.jdk/Contents/Home/jre/lib/deploy.jar:/Library/Java/JavaVirtualMachines/jdk1.8.0_191.jdk/Contents/Home/jre/lib/ext/cldrdata.jar:/Library/Java/JavaVirtualMachines/jdk1.8.0_191.jdk/Contents/Home/jre/lib/ext/dnsns.jar:/Library/Java/JavaVirtualMachines/jdk1.8.0_191.jdk/Contents/Home/jre/lib/ext/jaccess.jar:/Library/Java/JavaVirtualMachines/jdk1.8.0_191.jdk/Contents/Home/jre/lib/ext/jfxrt.jar:/Library/Java/JavaVirtualMachines/jdk1.8.0_191.jdk/Contents/Home/jre/lib/ext/localedata.jar:/Library/Java/JavaVirtualMachines/jdk1.8.0_191.jdk/Contents/Home/jre/lib/ext/nashorn.jar:/Library/Java/JavaVirtualMachines/jdk1.8.0_191.jdk/Contents/Home/jre/lib/ext/sunec.jar:/Library/Java/JavaVirtualMachines/jdk1.8.0_191.jdk/Contents/Home/jre/lib/ext/sunjce_provider.jar:/Library/Java/JavaVirtualMachines/jdk1.8.0_191.jdk/Contents/Home/jre/lib/ext/sunpkcs11.jar:/Library/Java/JavaVirtualMachines/jdk1.8.0_191.jdk/Contents/Home/jre/lib/ext/zipfs.jar:/Library/Java/JavaVirtualMachines/jdk1.8.0_191.jdk/Contents/Home/jre/lib/javaws.jar:/Library/Java/JavaVirtualMachines/jdk1.8.0_191.jdk/Contents/Home/jre/lib/jce.jar:/Library/Java/JavaVirtualMachines/jdk1.8.0_191.jdk/Contents/Home/jre/lib/jfr.jar:/Library/Java/JavaVirtualMachines/jdk1.8.0_191.jdk/Contents/Home/jre/lib/jfxswt.jar:/Library/Java/JavaVirtualMachines/jdk1.8.0_191.jdk/Contents/Home/jre/lib/jsse.jar:/Library/Java/JavaVirtualMachines/jdk1.8.0_191.jdk/Contents/Home/jre/lib/management-agent.jar:/Library/Java/JavaVirtualMachines/jdk1.8.0_191.jdk/Contents/Home/jre/lib/plugin.jar:/Library/Java/JavaVirtualMachines/jdk1.8.0_191.jdk/Contents/Home/jre/lib/resources.jar:/Library/Java/JavaVirtualMachines/jdk1.8.0_191.jdk/Contents/Home/jre/lib/rt.jar:/Library/Java/JavaVirtualMachines/jdk1.8.0_191.jdk/Contents/Home/lib/ant-javafx.jar:/Library/Java/JavaVirtualMachines/jdk1.8.0_191.jdk/Contents/Home/lib/dt.jar:/Library/Java/JavaVirtualMachines/jdk1.8.0_191.jdk/Contents/Home/lib/javafx-mx.jar:/Library/Java/JavaVirtualMachines/jdk1.8.0_191.jdk/Contents/Home/lib/jconsole.jar:/Library/Java/JavaVirtualMachines/jdk1.8.0_191.jdk/Contents/Home/lib/packager.jar:/Library/Java/JavaVirtualMachines/jdk1.8.0_191.jdk/Contents/Home/lib/sa-jdi.jar:/Library/Java/JavaVirtualMachines/jdk1.8.0_191.jdk/Contents/Home/lib/tools.jar:/Users/andreimironov/IdeaProjects/ParserSpamer/target/classes:/Users/andreimironov/.m2/repository/org/jsoup/jsoup/1.11.3/jsoup-1.11.3.jar:/Users/andreimironov/.m2/repository/org/hibernate/hibernate-core/5.3.7.Final/hibernate-core-5.3.7.Final.jar:/Users/andreimironov/.m2/repository/org/jboss/logging/jboss-logging/3.3.2.Final/jboss-logging-3.3.2.Final.jar:/Users/andreimironov/.m2/repository/javax/persistence/javax.persistence-api/2.2/javax.persistence-api-2.2.jar:/Users/andreimironov/.m2/repository/org/javassist/javassist/3.23.1-GA/javassist-3.23.1-GA.jar:/Users/andreimironov/.m2/repository/net/bytebuddy/byte-buddy/1.8.17/byte-buddy-1.8.17.jar:/Users/andreimironov/.m2/repository/antlr/antlr/2.7.7/antlr-2.7.7.jar:/Users/andreimironov/.m2/repository/org/jboss/spec/javax/transaction/jboss-transaction-api_1.2_spec/1.1.1.Final/jboss-transaction-api_1.2_spec-1.1.1.Final.jar:/Users/andreimironov/.m2/repository/org/jboss/jandex/2.0.5.Final/jandex-2.0.5.Final.jar:/Users/andreimironov/.m2/repository/com/fasterxml/classmate/1.3.4/classmate-1.3.4.jar:/Users/andreimironov/.m2/repository/javax/activation/javax.activation-api/1.2.0/javax.activation-api-1.2.0.jar:/Users/andreimironov/.m2/repository/org/dom4j/dom4j/2.1.1/dom4j-2.1.1.jar:/Users/andreimironov/.m2/repository/org/hibernate/common/hibernate-commons-annotations/5.0.4.Final/hibernate-commons-annotations-5.0.4.Final.jar:/Users/andreimironov/.m2/repository/org/postgresql/postgresql/42.2.5/postgresql-42.2.5.jar:/Users/andreimironov/.m2/repository/javax/xml/bind/jaxb-api/2.3.0/jaxb-api-2.3.0.jar:/Users/andreimironov/.m2/repository/org/glassfish/jaxb/jaxb-core/2.3.0/jaxb-core-2.3.0.jar:/Users/andreimironov/.m2/repository/org/glassfish/jaxb/txw2/2.3.0/txw2-2.3.0.jar:/Users/andreimironov/.m2/repository/com/sun/istack/istack-commons-runtime/3.0.5/istack-commons-runtime-3.0.5.jar:/Users/andreimironov/.m2/repository/org/glassfish/jaxb/jaxb-runtime/2.3.0/jaxb-runtime-2.3.0.jar:/Users/andreimironov/.m2/repository/org/jvnet/staxex/stax-ex/1.7.8/stax-ex-1.7.8.jar:/Users/andreimironov/.m2/repository/com/sun/xml/fastinfoset/FastInfoset/1.2.13/FastInfoset-1.2.13.jar:/Users/andreimironov/.m2/repository/org/springframework/spring-tx/5.0.9.RELEASE/spring-tx-5.0.9.RELEASE.jar:/Users/andreimironov/.m2/repository/org/springframework/spring-beans/5.0.9.RELEASE/spring-beans-5.0.9.RELEASE.jar:/Users/andreimironov/.m2/repository/org/springframework/spring-core/5.0.9.RELEASE/spring-core-5.0.9.RELEASE.jar:/Users/andreimironov/.m2/repository/org/springframework/spring-jcl/5.0.9.RELEASE/spring-jcl-5.0.9.RELEASE.jar:/Users/andreimironov/.m2/repository/javax/mail/mail/1.4.7/mail-1.4.7.jar:/Users/andreimironov/.m2/repository/javax/activation/activation/1.1/activation-1.1.jar:/Users/andreimironov/.m2/repository/javax/mail/javax.mail-api/1.6.1/javax.mail-api-1.6.1.jar:/Users/andreimironov/.m2/repository/com/sun/mail/smtp/1.6.3/smtp-1.6.3.jar:/Users/andreimironov/.m2/repository/com/sun/mail/mailapi/1.6.3/mailapi-1.6.3.jar:/Users/andreimironov/.m2/repository/org/slf4j/slf4j-log4j12/1.7.25/slf4j-log4j12-1.7.25.jar:/Users/andreimironov/.m2/repository/org/slf4j/slf4j-api/1.7.25/slf4j-api-1.7.25.jar:/Users/andreimironov/.m2/repository/log4j/log4j/1.2.17/log4j-1.2.17.jar:/Applications/IntelliJ IDEA.app/Contents/lib/idea_rt.jar, java.vm.vendor=Oracle Corporation, sun.arch.data.model=64, java.vendor.url=http://java.oracle.com/, user.timezone=Europe/Moscow, javafx.version=8.0.191, os.name=Mac OS X, java.vm.specification.version=1.8, user.country=RU, sun.java.launcher=SUN_STANDARD, sun.boot.library.path=/Library/Java/JavaVirtualMachines/jdk1.8.0_191.jdk/Contents/Home/jre/lib, sun.java.command=view.MainView, http.nonProxyHosts=local|*.local|169.254/16|*.169.254/16, sun.cpu.endian=little, user.home=/Users/andreimironov, user.language=ru, java.specification.vendor=Oracle Corporation, java.home=/Library/Java/JavaVirtualMachines/jdk1.8.0_191.jdk/Contents/Home/jre, file.separator=/, line.separator=
, java.vm.specification.vendor=Oracle Corporation, java.specification.name=Java Platform API Specification, java.awt.graphicsenv=sun.awt.CGraphicsEnvironment, sun.boot.class.path=/Library/Java/JavaVirtualMachines/jdk1.8.0_191.jdk/Contents/Home/jre/lib/resources.jar:/Library/Java/JavaVirtualMachines/jdk1.8.0_191.jdk/Contents/Home/jre/lib/rt.jar:/Library/Java/JavaVirtualMachines/jdk1.8.0_191.jdk/Contents/Home/jre/lib/sunrsasign.jar:/Library/Java/JavaVirtualMachines/jdk1.8.0_191.jdk/Contents/Home/jre/lib/jsse.jar:/Library/Java/JavaVirtualMachines/jdk1.8.0_191.jdk/Contents/Home/jre/lib/jce.jar:/Library/Java/JavaVirtualMachines/jdk1.8.0_191.jdk/Contents/Home/jre/lib/charsets.jar:/Library/Java/JavaVirtualMachines/jdk1.8.0_191.jdk/Contents/Home/jre/lib/jfr.jar:/Library/Java/JavaVirtualMachines/jdk1.8.0_191.jdk/Contents/Home/jre/classes, sun.management.compiler=HotSpot 64-Bit Tiered Compilers, ftp.nonProxyHosts=local|*.local|169.254/16|*.169.254/16, java.runtime.version=1.8.0_191-b12, user.name=andreimironov, path.separator=:, hibernate.connection.username=****, os.version=10.14.1, java.endorsed.dirs=/Library/Java/JavaVirtualMachines/jdk1.8.0_191.jdk/Contents/Home/jre/lib/endorsed, java.runtime.name=Java(TM) SE Runtime Environment, hibernate.connection.url=jdbc:postgresql://localhost:5434/parser, file.encoding=UTF-8, java.vm.name=Java HotSpot(TM) 64-Bit Server VM, hibernate.show_sql=true, show_sql=true, hibernate.connection.driver_class=org.postgresql.Driver, java.vendor.url.bug=http://bugreport.sun.com/bugreport/, java.io.tmpdir=/var/folders/t1/t264p2jj4bn58cv8yf7386780000gn/T/, java.version=1.8.0_191, user.dir=/Users/andreimironov/IdeaProjects/ParserSpamer, os.arch=x86_64, java.vm.specification.name=Java Virtual Machine Specification, hibernate.connection.password=****, java.awt.printerjob=sun.lwawt.macosx.CPrinterJob, sun.os.patch.level=unknown, hibernate.boot.CfgXmlAccessService.key=org.hibernate.boot.cfgxml.spi.LoadedConfig@678d8fa3, java.library.path=/Users/andreimironov/Library/Java/Extensions:/Library/Java/Extensions:/Network/Library/Java/Extensions:/System/Library/Java/Extensions:/usr/lib/java:., java.vm.info=mixed mode, java.vendor=Oracle Corporation, java.vm.version=25.191-b12, hibernate.bytecode.use_reflection_optimizer=false, java.ext.dirs=/Users/andreimironov/Library/Java/Extensions:/Library/Java/JavaVirtualMachines/jdk1.8.0_191.jdk/Contents/Home/jre/lib/ext:/Library/Java/Extensions:/Network/Library/Java/Extensions:/System/Library/Java/Extensions:/usr/lib/java, sun.io.unicode.encoding=UnicodeBig, java.class.version=52.0, socksNonProxyHosts=local|*.local|169.254/16|*.169.254/16}
Skipping JACC integration as it was not enabled
Instantiated session factory
Scoping TypeConfiguration [org.hibernate.type.spi.TypeConfiguration@60258fd8] to SessionFactoryImpl [org.hibernate.internal.SessionFactoryImpl@af46a38]
Not known whether passed class name [model.emails.classes4hibernate.Email] is safe
No temp ClassLoader provided; using live ClassLoader for loading potentially unsafe class : model.emails.classes4hibernate.Email
Using NAMED-based conversion for Enum model.emails.classes4hibernate.EmailStatus
Using NAMED-based conversion for Enum model.emails.classes4hibernate.EmailStatus
Not known whether passed class name [model.emails.classes4hibernate.Email] is safe
No temp ClassLoader provided; using live ClassLoader for loading potentially unsafe class : model.emails.classes4hibernate.Email
Using NAMED-based conversion for Enum model.emails.classes4hibernate.EmailStatus
Using NAMED-based conversion for Enum model.emails.classes4hibernate.EmailStatus
Static SQL for entity: model.emails.classes4hibernate.Email
 Version select: select id from contacts where id =?
 Snapshot select: select email_.id, email_.email as email2_0_, email_.date as date3_0_, email_.status as status4_0_, email_.url as url5_0_ from contacts email_ where email_.id=?
 Insert 0: insert into contacts (email, date, status, url, id) values (?, ?, ?, ?, ?)
 Update 0: update contacts set email=?, date=?, status=?, url=? where id=?
 Delete 0: delete from contacts where id=?
 Identity insert: insert into contacts (email, date, status, url) values (?, ?, ?, ?)
Adding QuerySpace : uid = <gen:0> -> org.hibernate.loader.plan.build.internal.spaces.EntityQuerySpaceImpl@5d113e8a]
Visiting attribute path : address
Visiting attribute path : date
Visiting attribute path : status
Visiting attribute path : url
Building LoadPlan...
processing queryspace <gen:0>
LoadPlan(entity=model.emails.classes4hibernate.Email)
    - Returns
       - EntityReturnImpl(entity=model.emails.classes4hibernate.Email, querySpaceUid=<gen:0>, path=model.emails.classes4hibernate.Email)
    - QuerySpaces
       - EntityQuerySpaceImpl(uid=<gen:0>, entity=model.emails.classes4hibernate.Email)
          - SQL table alias mapping - email0_
          - alias suffix - 0_
          - suffixed key columns - {id1_0_0_}

Static select for entity model.emails.classes4hibernate.Email [NONE]: select email0_.id as id1_0_0_, email0_.email as email2_0_0_, email0_.date as date3_0_0_, email0_.status as status4_0_0_, email0_.url as url5_0_0_ from contacts email0_ where email0_.id=?
Adding QuerySpace : uid = <gen:0> -> org.hibernate.loader.plan.build.internal.spaces.EntityQuerySpaceImpl@73895b7d]
Visiting attribute path : address
Visiting attribute path : date
Visiting attribute path : status
Visiting attribute path : url
Building LoadPlan...
processing queryspace <gen:0>
LoadPlan(entity=model.emails.classes4hibernate.Email)
    - Returns
       - EntityReturnImpl(entity=model.emails.classes4hibernate.Email, querySpaceUid=<gen:0>, path=model.emails.classes4hibernate.Email)
    - QuerySpaces
       - EntityQuerySpaceImpl(uid=<gen:0>, entity=model.emails.classes4hibernate.Email)
          - SQL table alias mapping - email0_
          - alias suffix - 0_
          - suffixed key columns - {id1_0_0_}

Static select for entity model.emails.classes4hibernate.Email [READ]: select email0_.id as id1_0_0_, email0_.email as email2_0_0_, email0_.date as date3_0_0_, email0_.status as status4_0_0_, email0_.url as url5_0_0_ from contacts email0_ where email0_.id=?
Static select for action ACTION_MERGE on entity model.emails.classes4hibernate.Email: select email0_.id as id1_0_0_, email0_.email as email2_0_0_, email0_.date as date3_0_0_, email0_.status as status4_0_0_, email0_.url as url5_0_0_ from contacts email0_ where email0_.id=?
Static select for action ACTION_REFRESH on entity model.emails.classes4hibernate.Email: select email0_.id as id1_0_0_, email0_.email as email2_0_0_, email0_.date as date3_0_0_, email0_.status as status4_0_0_, email0_.url as url5_0_0_ from contacts email0_ where email0_.id=?
Using NAMED-based conversion for Enum model.emails.classes4hibernate.EmailStatus
Using NAMED-based conversion for Enum model.emails.classes4hibernate.EmailStatus
No actions specified; doing nothing
No JtaPlatform was specified, checking resolver
No JtaPlatformResolver was specified, using default [org.hibernate.engine.transaction.jta.platform.internal.StandardJtaPlatformResolver]
Could not resolve JtaPlatform, using default [org.hibernate.engine.transaction.jta.platform.internal.NoJtaPlatform]
Checking 0 named HQL queries
Checking 0 named SQL queries
Initializing SessionFactoryRegistry : org.hibernate.internal.SessionFactoryRegistry@3b37bc50
Registering SessionFactory: c4392951-ce25-4f96-8c1e-72eb6f3f1732 (<unnamed>)
Not binding SessionFactory to JNDI, no JNDI name configured
SessionFactory created successfully;
Method getSessionFactory() finished;
Statistics initialized [enabled=false]
On TransactionImpl creation, JpaCompliance#isJpaTransactionComplianceEnabled == false
begin
Executing identity-insert immediately
insert into contacts (email, date, status, url) values (?, ?, ?, ?)
Natively generated identity: 563
HHH000387: ResultSet's statement was not registered
committing
Processing flush-time cascades
Dirty checking collections
Flushed: 0 insertions, 0 updates, 0 deletions to 1 objects
Flushed: 0 (re)creations, 0 updates, 0 removals to 0 collections
Listing entities:
model.emails.classes4hibernate.Email{date=Tue Jan 15 23:04:47 MSK 2019, address=justme7053@gmail.com, id=563, url=https://parsertest.ru.gg, status=New}
Initiating JDBC connection release from afterTransaction
Initiating JDBC connection release from afterTransaction
Method saveEntry() finished;
Method saveEntry() started with email: model.emails.classes4hibernate.Email@3554a227
Method getSessionFactory() started;
Method getSessionFactory() finished;
On TransactionImpl creation, JpaCompliance#isJpaTransactionComplianceEnabled == false
begin
Executing identity-insert immediately
insert into contacts (email, date, status, url) values (?, ?, ?, ?)
Natively generated identity: 564
HHH000387: ResultSet's statement was not registered
committing
Processing flush-time cascades
Dirty checking collections
Flushed: 0 insertions, 0 updates, 0 deletions to 1 objects
Flushed: 0 (re)creations, 0 updates, 0 removals to 0 collections
Listing entities:
model.emails.classes4hibernate.Email{date=Tue Jan 15 23:04:47 MSK 2019, address=apleshachkov@nbcompany.ru, id=564, url=https://parsertest.ru.gg, status=New}
Initiating JDBC connection release from afterTransaction
Initiating JDBC connection release from afterTransaction
Method saveEntry() finished;
Uploading is done.
Method uploadToDB() finished;

Method startParse() finished;

Method 'showGif' finished: GIF closed.
Method 'showGif' finished: GIF closed.
btn_look is clicked;
Method 'showWindow()' started;
Method getAllEmails() started;
Method getAllEmails() finished with result: [justme7053@gmail.com, apleshachkov@nbcompany.ru]
Method 'showWindow()' finished;
btn_send is clicked;
Method 'getText' get started;
Method 'getText' finished;
New Confirmer created with parameters: letter: , subject: 
Method showWindow() started;
Method showWindow() finished;
Method 'showGif' started;
GIF started;
btn_yes is clicked;
Method sendMail() started with parameters: letter:  subject: 


Start sending...
New MailCreator created with recipient: model.emails.classes4hibernate.Email@556605e6

Method makeAndSend() started with parameters: letter:  subject: 
Method getSession() started;
Method getSession() finished;
Method createMail() started with parameters: letter:  subject: 
Method createMail() finished;
Method sendEmail() started;
Method sendEmail() finished;
Method makeAndSend() finished;

New MailCreator created with recipient: model.emails.classes4hibernate.Email@3554a227

Method makeAndSend() started with parameters: letter:  subject: 
Method getSession() started;
Method getSession() finished;
Method createMail() started with parameters: letter:  subject: 
Method createMail() finished;
Method sendEmail() started;
Connection pool now considered primed; min-size will be maintained
Method sendEmail() finished;
Method makeAndSend() finished;


Sending is done.
Method sendMail() finished;

Method 'showGif' finished: GIF closed.
